<?xml version="1.0" encoding="UTF-8"?>
<!-- Generated by org.testng.reporters.JUnitReportReporter -->
<testsuite skipped="0" hostname="idea-PC" name="testcases.VerifyLoginPageWithExtentReport" tests="1" failures="0" timestamp="2020-06-06T02:13:58 IST" time="20.980" errors="0">
  <testcase name="testLoginPage" time="20.980" classname="testcases.VerifyLoginPageWithExtentReport"/>
  <system-out/>
</testsuite> <!-- testcases.VerifyLoginPageWithExtentReport -->
