<?xml version="1.0" encoding="UTF-8"?>
<!-- Generated by org.testng.reporters.JUnitReportReporter -->
<testsuite skipped="0" hostname="idea-PC" name="testcases.VerifyWomenPage" tests="1" failures="0" timestamp="2020-06-04T17:46:56 IST" time="24.603" errors="0">
  <testcase name="testWomenPage" time="24.603" classname="testcases.VerifyWomenPage"/>
  <system-out/>
</testsuite> <!-- testcases.VerifyWomenPage -->
