<?xml version="1.0" encoding="UTF-8"?>
<!-- Generated by org.testng.reporters.JUnitReportReporter -->
<testsuite skipped="0" hostname="idea-PC" name="testcases.VerifyLoginPage" tests="1" failures="0" timestamp="2020-06-04T17:46:56 IST" time="23.633" errors="0">
  <testcase name="testLoginPage" time="23.633" classname="testcases.VerifyLoginPage"/>
  <system-out/>
</testsuite> <!-- testcases.VerifyLoginPage -->
