<?xml version="1.0" encoding="UTF-8"?>
<!-- Generated by org.testng.reporters.JUnitReportReporter -->
<testsuite skipped="0" hostname="idea-PC" name="testcases.VerifyLoginPageWithReportAndScreenshot" tests="1" failures="0" timestamp="2020-06-06T02:23:59 IST" time="51.806" errors="0">
  <testcase name="testLoginPage" time="51.806" classname="testcases.VerifyLoginPageWithReportAndScreenshot"/>
  <system-out/>
</testsuite> <!-- testcases.VerifyLoginPageWithReportAndScreenshot -->
