<?xml version="1.0" encoding="UTF-8"?>
<!-- Generated by org.testng.reporters.JUnitReportReporter -->
<testsuite skipped="0" hostname="idea-PC" name="testcases.VerifyHomePage" tests="1" failures="0" timestamp="2020-06-04T17:46:56 IST" time="14.004" errors="0">
  <testcase name="testHomePage" time="14.004" classname="testcases.VerifyHomePage"/>
  <system-out/>
</testsuite> <!-- testcases.VerifyHomePage -->
