<?xml version="1.0" encoding="UTF-8"?>
<!-- Generated by org.testng.reporters.JUnitReportReporter -->
<testsuite skipped="0" hostname="idea-PC" name="testcases.VerifyHomePage" tests="1" failures="0" timestamp="2020-06-06T02:23:59 IST" time="22.394" errors="0">
  <testcase name="testHomePage" time="22.394" classname="testcases.VerifyHomePage"/>
  <system-out/>
</testsuite> <!-- testcases.VerifyHomePage -->
