<?xml version="1.0" encoding="UTF-8"?>
<!-- Generated by org.testng.reporters.JUnitReportReporter -->
<testsuite skipped="0" hostname="idea-PC" name="testcases.VerifyLoginPage" tests="1" failures="0" timestamp="2020-06-06T02:13:58 IST" time="22.614" errors="0">
  <testcase name="testLoginPage" time="22.614" classname="testcases.VerifyLoginPage"/>
  <system-out/>
</testsuite> <!-- testcases.VerifyLoginPage -->
