<?xml version="1.0" encoding="UTF-8"?>
<!-- Generated by org.testng.reporters.JUnitReportReporter -->
<testsuite skipped="0" hostname="idea-PC" name="testcases.VerifyWomenPage" tests="1" failures="0" timestamp="2020-06-06T02:13:58 IST" time="22.661" errors="0">
  <testcase name="testWomenPage" time="22.661" classname="testcases.VerifyWomenPage"/>
  <system-out/>
</testsuite> <!-- testcases.VerifyWomenPage -->
