<?xml version="1.0" encoding="UTF-8"?>
<!-- Generated by org.testng.reporters.JUnitReportReporter -->
<testsuite skipped="0" hostname="idea-PC" name="testcases.VerifyLoginPageWithExtentReport" tests="1" failures="0" timestamp="05 Jun 2020 20:41:24 GMT" time="20.707" errors="0">
  <testcase name="testLoginPage" time="20.707" classname="testcases.VerifyLoginPageWithExtentReport"/>
</testsuite> <!-- testcases.VerifyLoginPageWithExtentReport -->
