<?xml version="1.0" encoding="UTF-8"?>
<!-- Generated by org.testng.reporters.JUnitReportReporter -->
<testsuite skipped="0" hostname="idea-PC" name="testcases.VerifyLoginPage" tests="1" failures="0" timestamp="05 Jun 2020 20:41:24 GMT" time="24.164" errors="0">
  <testcase name="testLoginPage" time="24.164" classname="testcases.VerifyLoginPage"/>
</testsuite> <!-- testcases.VerifyLoginPage -->
