<?xml version="1.0" encoding="UTF-8"?>
<!-- Generated by org.testng.reporters.JUnitReportReporter -->
<testsuite skipped="0" hostname="idea-PC" name="testcases.VerifyWomenPage" tests="1" failures="0" timestamp="22 May 2020 14:19:08 GMT" time="30.797" errors="0">
  <testcase name="testWomenPage" time="30.797" classname="testcases.VerifyWomenPage"/>
</testsuite> <!-- testcases.VerifyWomenPage -->
