<?xml version="1.0" encoding="UTF-8"?>
<!-- Generated by org.testng.reporters.JUnitReportReporter -->
<testsuite skipped="0" hostname="idea-PC" name="testcases.VerifyLoginPage" tests="1" failures="0" timestamp="29 May 2020 22:18:38 GMT" time="24.401" errors="0">
  <testcase name="testLoginPage" time="24.401" classname="testcases.VerifyLoginPage"/>
</testsuite> <!-- testcases.VerifyLoginPage -->
