<?xml version="1.0" encoding="UTF-8"?>
<!-- Generated by org.testng.reporters.JUnitReportReporter -->
<testsuite skipped="0" hostname="idea-PC" name="testcases.VerifyLoginPageWithExtentReport" tests="1" failures="0" timestamp="29 May 2020 22:20:26 GMT" time="23.977" errors="0">
  <testcase name="testLoginPage" time="23.977" classname="testcases.VerifyLoginPageWithExtentReport"/>
</testsuite> <!-- testcases.VerifyLoginPageWithExtentReport -->
