<?xml version="1.0" encoding="UTF-8"?>
<!-- Generated by org.testng.reporters.JUnitReportReporter -->
<testsuite skipped="0" hostname="idea-PC" name="testcases.VerifyHomePage" tests="1" failures="0" timestamp="22 May 2020 08:52:16 GMT" time="15.670" errors="0">
  <testcase name="testHomePage" time="15.670" classname="testcases.VerifyHomePage"/>
</testsuite> <!-- testcases.VerifyHomePage -->
