<?xml version="1.0" encoding="UTF-8"?>
<!-- Generated by org.testng.reporters.JUnitReportReporter -->
<testsuite skipped="0" hostname="idea-PC" name="testcases.VerifyHomePage" tests="1" failures="0" timestamp="05 Jun 2020 20:41:24 GMT" time="14.514" errors="0">
  <testcase name="testHomePage" time="14.514" classname="testcases.VerifyHomePage"/>
</testsuite> <!-- testcases.VerifyHomePage -->
