<?xml version="1.0" encoding="UTF-8"?>
<!-- Generated by org.testng.reporters.JUnitReportReporter -->
<testsuite skipped="0" hostname="idea-PC" name="testcases.VerifyLoginPageWithReportAndScreenshot" tests="1" failures="0" timestamp="04 Jun 2020 11:35:47 GMT" time="39.791" errors="0">
  <testcase name="testLoginPage" time="39.791" classname="testcases.VerifyLoginPageWithReportAndScreenshot"/>
</testsuite> <!-- testcases.VerifyLoginPageWithReportAndScreenshot -->
